# JRE version: Java(TM) SE Runtime Environment (17.0.6+9) (build 17.0.6+9-LTS-190)
# Java VM: Java HotSpot(TM) 64-Bit Server VM (17.0.6+9-LTS-190, mixed mode, sharing, tiered, compressed oops, compressed class ptrs, g1 gc, windows-amd64)
GC Precious Log:
 CPUs: 8 total, 8 available
 Memory: 8006M
 Large Page Support: Disabled
 NUMA Support: Disabled
 Compressed Oops: Enabled (32-bit)
 Heap Region Size: 1M
 Heap Min Capacity: 8M
 Heap Initial Capacity: 126M
 Heap Max Capacity: 2002M
 Pre-touch: Disabled
 Parallel Workers: 8
 Concurrent Workers: 2
 Concurrent Refinement Workers: 8
 Periodic GC: Disabled
Heap:
 garbage-first heap   total 98304K, used 34357K [0x0000000082e00000, 0x0000000100000000)
  region size 1024K, 5 young (5120K), 3 survivors (3072K)
 Metaspace       used 35564K, committed 35840K, reserved 1089536K
  class space    used 4261K, committed 4416K, reserved 1048576K
GC Heap History (16 events):
Event: 1.628 GC heap before
{Heap before GC invocations=0 (full 0):
 garbage-first heap   total 129024K, used 26624K [0x0000000082e00000, 0x0000000100000000)
  region size 1024K, 23 young (23552K), 0 survivors (0K)
 Metaspace       used 7152K, committed 7232K, reserved 1064960K
  class space    used 663K, committed 704K, reserved 1048576K
}
Event: 1.639 GC heap after
{Heap after GC invocations=1 (full 0):
 garbage-first heap   total 129024K, used 6060K [0x0000000082e00000, 0x0000000100000000)
  region size 1024K, 3 young (3072K), 3 survivors (3072K)
 Metaspace       used 7152K, committed 7232K, reserved 1064960K
  class space    used 663K, committed 704K, reserved 1048576K
}
Event: 2.836 GC heap before
{Heap before GC invocations=1 (full 0):
 garbage-first heap   total 129024K, used 38828K [0x0000000082e00000, 0x0000000100000000)
  region size 1024K, 35 young (35840K), 3 survivors (3072K)
 Metaspace       used 13732K, committed 13952K, reserved 1064960K
  class space    used 1480K, committed 1600K, reserved 1048576K
}
Event: 2.859 GC heap after
{Heap after GC invocations=2 (full 0):
 garbage-first heap   total 129024K, used 11994K [0x0000000082e00000, 0x0000000100000000)
  region size 1024K, 5 young (5120K), 5 survivors (5120K)
 Metaspace       used 13732K, committed 13952K, reserved 1064960K
  class space    used 1480K, committed 1600K, reserved 1048576K
}
Event: 4.573 GC heap before
{Heap before GC invocations=2 (full 0):
 garbage-first heap   total 129024K, used 44762K [0x0000000082e00000, 0x0000000100000000)
  region size 1024K, 38 young (38912K), 5 survivors (5120K)
 Metaspace       used 21364K, committed 21504K, reserved 1073152K
  class space    used 2814K, committed 2880K, reserved 1048576K
}
Event: 4.596 GC heap after
{Heap after GC invocations=3 (full 0):
 garbage-first heap   total 129024K, used 16957K [0x0000000082e00000, 0x0000000100000000)
  region size 1024K, 10 young (10240K), 10 survivors (10240K)
 Metaspace       used 21364K, committed 21504K, reserved 1073152K
  class space    used 2814K, committed 2880K, reserved 1048576K
}
Event: 5.792 GC heap before
{Heap before GC invocations=4 (full 0):
 garbage-first heap   total 61440K, used 43581K [0x0000000082e00000, 0x0000000100000000)
  region size 1024K, 36 young (36864K), 10 survivors (10240K)
 Metaspace       used 26186K, committed 26368K, reserved 1081344K
  class space    used 3331K, committed 3392K, reserved 1048576K
}
Event: 5.831 GC heap after
{Heap after GC invocations=5 (full 0):
 garbage-first heap   total 61440K, used 19407K [0x0000000082e00000, 0x0000000100000000)
  region size 1024K, 3 young (3072K), 3 survivors (3072K)
 Metaspace       used 26186K, committed 26368K, reserved 1081344K
  class space    used 3331K, committed 3392K, reserved 1048576K
}
Event: 5.888 GC heap before
{Heap before GC invocations=5 (full 0):
 garbage-first heap   total 61440K, used 19407K [0x0000000082e00000, 0x0000000100000000)
  region size 1024K, 4 young (4096K), 3 survivors (3072K)
 Metaspace       used 26456K, committed 26624K, reserved 1081344K
  class space    used 3372K, committed 3456K, reserved 1048576K
}
Event: 5.898 GC heap after
{Heap after GC invocations=6 (full 0):
 garbage-first heap   total 61440K, used 19732K [0x0000000082e00000, 0x0000000100000000)
  region size 1024K, 1 young (1024K), 1 survivors (1024K)
 Metaspace       used 26456K, committed 26624K, reserved 1081344K
  class space    used 3372K, committed 3456K, reserved 1048576K
}
Event: 7.197 GC heap before
{Heap before GC invocations=6 (full 0):
 garbage-first heap   total 61440K, used 43284K [0x0000000082e00000, 0x0000000100000000)
  region size 1024K, 25 young (25600K), 1 survivors (1024K)
 Metaspace       used 32639K, committed 32896K, reserved 1081344K
  class space    used 3996K, committed 4096K, reserved 1048576K
}
Event: 7.206 GC heap after
{Heap after GC invocations=7 (full 0):
 garbage-first heap   total 61440K, used 20181K [0x0000000082e00000, 0x0000000100000000)
  region size 1024K, 2 young (2048K), 2 survivors (2048K)
 Metaspace       used 32639K, committed 32896K, reserved 1081344K
  class space    used 3996K, committed 4096K, reserved 1048576K
}
Event: 8.216 GC heap before
{Heap before GC invocations=7 (full 0):
 garbage-first heap   total 61440K, used 45781K [0x0000000082e00000, 0x0000000100000000)
  region size 1024K, 26 young (26624K), 2 survivors (2048K)
 Metaspace       used 34834K, committed 35072K, reserved 1081344K
  class space    used 4199K, committed 4352K, reserved 1048576K
}
Event: 8.240 GC heap after
{Heap after GC invocations=8 (full 0):
 garbage-first heap   total 61440K, used 26464K [0x0000000082e00000, 0x0000000100000000)
  region size 1024K, 4 young (4096K), 4 survivors (4096K)
 Metaspace       used 34834K, committed 35072K, reserved 1081344K
  class space    used 4199K, committed 4352K, reserved 1048576K
}
Event: 8.624 GC heap before
{Heap before GC invocations=8 (full 0):
 garbage-first heap   total 61440K, used 45920K [0x0000000082e00000, 0x0000000100000000)
  region size 1024K, 23 young (23552K), 4 survivors (4096K)
 Metaspace       used 35185K, committed 35456K, reserved 1081344K
  class space    used 4233K, committed 4352K, reserved 1048576K
}
Event: 8.657 GC heap after
{Heap after GC invocations=9 (full 0):
 garbage-first heap   total 98304K, used 33333K [0x0000000082e00000, 0x0000000100000000)
  region size 1024K, 3 young (3072K), 3 survivors (3072K)
 Metaspace       used 35185K, committed 35456K, reserved 1081344K
  class space    used 4233K, committed 4352K, reserved 1048576K
}

