# JRE version: Java(TM) SE Runtime Environment (17.0.6+9) (build 17.0.6+9-LTS-190)
# Java VM: Java HotSpot(TM) 64-Bit Server VM (17.0.6+9-LTS-190, mixed mode, sharing, tiered, compressed oops, compressed class ptrs, g1 gc, windows-amd64)
GC Precious Log:
 CPUs: 8 total, 8 available
 Memory: 8006M
 Large Page Support: Disabled
 NUMA Support: Disabled
 Compressed Oops: Enabled (32-bit)
 Heap Region Size: 1M
 Heap Min Capacity: 8M
 Heap Initial Capacity: 126M
 Heap Max Capacity: 2002M
 Pre-touch: Disabled
 Parallel Workers: 8
 Concurrent Workers: 2
 Concurrent Refinement Workers: 8
 Periodic GC: Disabled
Heap:
 garbage-first heap   total 61440K, used 28361K [0x0000000082e00000, 0x0000000100000000)
  region size 1024K, 11 young (11264K), 2 survivors (2048K)
 Metaspace       used 34274K, committed 34496K, reserved 1081344K
  class space    used 4166K, committed 4288K, reserved 1048576K
GC Heap History (12 events):
Event: 2.380 GC heap before
{Heap before GC invocations=0 (full 0):
 garbage-first heap   total 129024K, used 26624K [0x0000000082e00000, 0x0000000100000000)
  region size 1024K, 23 young (23552K), 0 survivors (0K)
 Metaspace       used 7161K, committed 7232K, reserved 1064960K
  class space    used 664K, committed 704K, reserved 1048576K
}
Event: 2.397 GC heap after
{Heap after GC invocations=1 (full 0):
 garbage-first heap   total 129024K, used 6058K [0x0000000082e00000, 0x0000000100000000)
  region size 1024K, 3 young (3072K), 3 survivors (3072K)
 Metaspace       used 7161K, committed 7232K, reserved 1064960K
  class space    used 664K, committed 704K, reserved 1048576K
}
Event: 4.124 GC heap before
{Heap before GC invocations=1 (full 0):
 garbage-first heap   total 129024K, used 38826K [0x0000000082e00000, 0x0000000100000000)
  region size 1024K, 35 young (35840K), 3 survivors (3072K)
 Metaspace       used 13734K, committed 13952K, reserved 1064960K
  class space    used 1480K, committed 1600K, reserved 1048576K
}
Event: 4.143 GC heap after
{Heap after GC invocations=2 (full 0):
 garbage-first heap   total 129024K, used 11986K [0x0000000082e00000, 0x0000000100000000)
  region size 1024K, 5 young (5120K), 5 survivors (5120K)
 Metaspace       used 13734K, committed 13952K, reserved 1064960K
  class space    used 1480K, committed 1600K, reserved 1048576K
}
Event: 6.309 GC heap before
{Heap before GC invocations=2 (full 0):
 garbage-first heap   total 129024K, used 44754K [0x0000000082e00000, 0x0000000100000000)
  region size 1024K, 38 young (38912K), 5 survivors (5120K)
 Metaspace       used 21356K, committed 21504K, reserved 1073152K
  class space    used 2805K, committed 2880K, reserved 1048576K
}
Event: 6.336 GC heap after
{Heap after GC invocations=3 (full 0):
 garbage-first heap   total 129024K, used 16948K [0x0000000082e00000, 0x0000000100000000)
  region size 1024K, 10 young (10240K), 10 survivors (10240K)
 Metaspace       used 21356K, committed 21504K, reserved 1073152K
  class space    used 2805K, committed 2880K, reserved 1048576K
}
Event: 7.840 GC heap before
{Heap before GC invocations=4 (full 0):
 garbage-first heap   total 61440K, used 43572K [0x0000000082e00000, 0x0000000100000000)
  region size 1024K, 36 young (36864K), 10 survivors (10240K)
 Metaspace       used 26056K, committed 26240K, reserved 1081344K
  class space    used 3319K, committed 3392K, reserved 1048576K
}
Event: 7.874 GC heap after
{Heap after GC invocations=5 (full 0):
 garbage-first heap   total 61440K, used 18858K [0x0000000082e00000, 0x0000000100000000)
  region size 1024K, 3 young (3072K), 3 survivors (3072K)
 Metaspace       used 26056K, committed 26240K, reserved 1081344K
  class space    used 3319K, committed 3392K, reserved 1048576K
}
Event: 7.949 GC heap before
{Heap before GC invocations=5 (full 0):
 garbage-first heap   total 61440K, used 19882K [0x0000000082e00000, 0x0000000100000000)
  region size 1024K, 4 young (4096K), 3 survivors (3072K)
 Metaspace       used 26379K, committed 26560K, reserved 1081344K
  class space    used 3355K, committed 3456K, reserved 1048576K
}
Event: 7.958 GC heap after
{Heap after GC invocations=6 (full 0):
 garbage-first heap   total 61440K, used 19728K [0x0000000082e00000, 0x0000000100000000)
  region size 1024K, 1 young (1024K), 1 survivors (1024K)
 Metaspace       used 26379K, committed 26560K, reserved 1081344K
  class space    used 3355K, committed 3456K, reserved 1048576K
}
Event: 9.191 GC heap before
{Heap before GC invocations=6 (full 0):
 garbage-first heap   total 61440K, used 43280K [0x0000000082e00000, 0x0000000100000000)
  region size 1024K, 25 young (25600K), 1 survivors (1024K)
 Metaspace       used 32590K, committed 32896K, reserved 1081344K
  class space    used 3992K, committed 4160K, reserved 1048576K
}
Event: 9.201 GC heap after
{Heap after GC invocations=7 (full 0):
 garbage-first heap   total 61440K, used 20169K [0x0000000082e00000, 0x0000000100000000)
  region size 1024K, 2 young (2048K), 2 survivors (2048K)
 Metaspace       used 32590K, committed 32896K, reserved 1081344K
  class space    used 3992K, committed 4160K, reserved 1048576K
}

