# JRE version: Java(TM) SE Runtime Environment (17.0.6+9) (build 17.0.6+9-LTS-190)
# Java VM: Java HotSpot(TM) 64-Bit Server VM (17.0.6+9-LTS-190, mixed mode, sharing, tiered, compressed oops, compressed class ptrs, g1 gc, windows-amd64)
GC Precious Log:
 CPUs: 8 total, 8 available
 Memory: 8006M
 Large Page Support: Disabled
 NUMA Support: Disabled
 Compressed Oops: Enabled (32-bit)
 Heap Region Size: 1M
 Heap Min Capacity: 8M
 Heap Initial Capacity: 126M
 Heap Max Capacity: 2G
 Pre-touch: Disabled
 Parallel Workers: 8
 Concurrent Workers: 2
 Concurrent Refinement Workers: 8
 Periodic GC: Disabled
Heap:
 garbage-first heap   total 411648K, used 278747K [0x0000000080000000, 0x0000000100000000)
  region size 1024K, 36 young (36864K), 10 survivors (10240K)
 Metaspace       used 128697K, committed 130496K, reserved 536576K
  class space    used 17752K, committed 18560K, reserved 421888K
GC Heap History (20 events):
Event: 160.794 GC heap before
{Heap before GC invocations=84 (full 0):
 garbage-first heap   total 342016K, used 283126K [0x0000000080000000, 0x0000000100000000)
  region size 1024K, 73 young (74752K), 1 survivors (1024K)
 Metaspace       used 119809K, committed 121344K, reserved 528384K
  class space    used 16778K, committed 17472K, reserved 421888K
}
Event: 160.812 GC heap after
{Heap after GC invocations=85 (full 0):
 garbage-first heap   total 342016K, used 215951K [0x0000000080000000, 0x0000000100000000)
  region size 1024K, 8 young (8192K), 8 survivors (8192K)
 Metaspace       used 119809K, committed 121344K, reserved 528384K
  class space    used 16778K, committed 17472K, reserved 421888K
}
Event: 162.409 GC heap before
{Heap before GC invocations=85 (full 0):
 garbage-first heap   total 342016K, used 284559K [0x0000000080000000, 0x0000000100000000)
  region size 1024K, 75 young (76800K), 8 survivors (8192K)
 Metaspace       used 121841K, committed 123456K, reserved 528384K
  class space    used 17048K, committed 17792K, reserved 421888K
}
Event: 162.434 GC heap after
{Heap after GC invocations=86 (full 0):
 garbage-first heap   total 342016K, used 227106K [0x0000000080000000, 0x0000000100000000)
  region size 1024K, 10 young (10240K), 10 survivors (10240K)
 Metaspace       used 121841K, committed 123456K, reserved 528384K
  class space    used 17048K, committed 17792K, reserved 421888K
}
Event: 164.743 GC heap before
{Heap before GC invocations=86 (full 0):
 garbage-first heap   total 342016K, used 284450K [0x0000000080000000, 0x0000000100000000)
  region size 1024K, 66 young (67584K), 10 survivors (10240K)
 Metaspace       used 122169K, committed 123776K, reserved 528384K
  class space    used 17064K, committed 17792K, reserved 421888K
}
Event: 164.769 GC heap after
{Heap after GC invocations=87 (full 0):
 garbage-first heap   total 342016K, used 233609K [0x0000000080000000, 0x0000000100000000)
  region size 1024K, 6 young (6144K), 6 survivors (6144K)
 Metaspace       used 122169K, committed 123776K, reserved 528384K
  class space    used 17064K, committed 17792K, reserved 421888K
}
Event: 167.150 GC heap before
{Heap before GC invocations=87 (full 0):
 garbage-first heap   total 342016K, used 285833K [0x0000000080000000, 0x0000000100000000)
  region size 1024K, 58 young (59392K), 6 survivors (6144K)
 Metaspace       used 123205K, committed 124928K, reserved 536576K
  class space    used 17218K, committed 17984K, reserved 421888K
}
Event: 167.169 GC heap after
{Heap after GC invocations=88 (full 0):
 garbage-first heap   total 342016K, used 239843K [0x0000000080000000, 0x0000000100000000)
  region size 1024K, 7 young (7168K), 7 survivors (7168K)
 Metaspace       used 123205K, committed 124928K, reserved 536576K
  class space    used 17218K, committed 17984K, reserved 421888K
}
Event: 178.013 GC heap before
{Heap before GC invocations=89 (full 0):
 garbage-first heap   total 411648K, used 287971K [0x0000000080000000, 0x0000000100000000)
  region size 1024K, 50 young (51200K), 7 survivors (7168K)
 Metaspace       used 124571K, committed 126272K, reserved 536576K
  class space    used 17316K, committed 18112K, reserved 421888K
}
Event: 178.035 GC heap after
{Heap after GC invocations=90 (full 0):
 garbage-first heap   total 411648K, used 243945K [0x0000000080000000, 0x0000000100000000)
  region size 1024K, 5 young (5120K), 5 survivors (5120K)
 Metaspace       used 124571K, committed 126272K, reserved 536576K
  class space    used 17316K, committed 18112K, reserved 421888K
}
Event: 178.168 GC heap before
{Heap before GC invocations=90 (full 0):
 garbage-first heap   total 411648K, used 258281K [0x0000000080000000, 0x0000000100000000)
  region size 1024K, 20 young (20480K), 5 survivors (5120K)
 Metaspace       used 124571K, committed 126272K, reserved 536576K
  class space    used 17316K, committed 18112K, reserved 421888K
}
Event: 178.190 GC heap after
{Heap after GC invocations=91 (full 0):
 garbage-first heap   total 411648K, used 241798K [0x0000000080000000, 0x0000000100000000)
  region size 1024K, 3 young (3072K), 3 survivors (3072K)
 Metaspace       used 124571K, committed 126272K, reserved 536576K
  class space    used 17316K, committed 18112K, reserved 421888K
}
Event: 179.816 GC heap before
{Heap before GC invocations=91 (full 0):
 garbage-first heap   total 411648K, used 339078K [0x0000000080000000, 0x0000000100000000)
  region size 1024K, 98 young (100352K), 3 survivors (3072K)
 Metaspace       used 124574K, committed 126272K, reserved 536576K
  class space    used 17316K, committed 18112K, reserved 421888K
}
Event: 179.825 GC heap after
{Heap after GC invocations=92 (full 0):
 garbage-first heap   total 411648K, used 243495K [0x0000000080000000, 0x0000000100000000)
  region size 1024K, 5 young (5120K), 5 survivors (5120K)
 Metaspace       used 124574K, committed 126272K, reserved 536576K
  class space    used 17316K, committed 18112K, reserved 421888K
}
Event: 181.571 GC heap before
{Heap before GC invocations=92 (full 0):
 garbage-first heap   total 411648K, used 342823K [0x0000000080000000, 0x0000000100000000)
  region size 1024K, 103 young (105472K), 5 survivors (5120K)
 Metaspace       used 124591K, committed 126272K, reserved 536576K
  class space    used 17316K, committed 18112K, reserved 421888K
}
Event: 181.584 GC heap after
{Heap after GC invocations=93 (full 0):
 garbage-first heap   total 411648K, used 245752K [0x0000000080000000, 0x0000000100000000)
  region size 1024K, 7 young (7168K), 7 survivors (7168K)
 Metaspace       used 124591K, committed 126272K, reserved 536576K
  class space    used 17316K, committed 18112K, reserved 421888K
}
Event: 184.813 GC heap before
{Heap before GC invocations=93 (full 0):
 garbage-first heap   total 411648K, used 346104K [0x0000000080000000, 0x0000000100000000)
  region size 1024K, 106 young (108544K), 7 survivors (7168K)
 Metaspace       used 127416K, committed 129216K, reserved 536576K
  class space    used 17647K, committed 18496K, reserved 421888K
}
Event: 184.841 GC heap after
{Heap after GC invocations=94 (full 0):
 garbage-first heap   total 411648K, used 249616K [0x0000000080000000, 0x0000000100000000)
  region size 1024K, 11 young (11264K), 11 survivors (11264K)
 Metaspace       used 127416K, committed 129216K, reserved 536576K
  class space    used 17647K, committed 18496K, reserved 421888K
}
Event: 192.175 GC heap before
{Heap before GC invocations=94 (full 0):
 garbage-first heap   total 411648K, used 346896K [0x0000000080000000, 0x0000000100000000)
  region size 1024K, 107 young (109568K), 11 survivors (11264K)
 Metaspace       used 128696K, committed 130496K, reserved 536576K
  class space    used 17752K, committed 18560K, reserved 421888K
}
Event: 192.195 GC heap after
{Heap after GC invocations=95 (full 0):
 garbage-first heap   total 411648K, used 253147K [0x0000000080000000, 0x0000000100000000)
  region size 1024K, 10 young (10240K), 10 survivors (10240K)
 Metaspace       used 128696K, committed 130496K, reserved 536576K
  class space    used 17752K, committed 18560K, reserved 421888K
}

